<?xml version="1.0" encoding="UTF-8"?>
<testsuite xmlns:xsi="http://www.w3.org/2001/XMLSchema-instance" xsi:noNamespaceSchemaLocation="https://maven.apache.org/surefire/maven-surefire-plugin/xsd/surefire-test-report-3.0.xsd" version="3.0" name="com.example.spotdengue.SpotDengueApplicationTests" time="2.956" tests="1" errors="0" skipped="0" failures="0">
  <properties>
[...]
</properties>
  <testcase name="contextLoads" classname="com.example.spotdengue.SpotDengueApplicationTests" time="0.595">
    <system-out><![CDATA[09:49:54.594 [main] INFO org.springframework.test.context.support.AnnotationConfigContextLoaderUtils -- Could not detect default configuration classes for test class [com.example.spotdengue.SpotDengueApplicationTests]: SpotDengueApplicationTests does not declare any static, non-private, non-final, nested classes annotated with @Configuration.
09:49:54.671 [main] INFO org.springframework.boot.test.context.SpringBootTestContextBootstrapper -- Found @SpringBootConfiguration com.example.spotdengue.SpotDengueApplication for test class com.example.spotdengue.SpotDengueApplicationTests
09:49:54.795 [main] INFO org.springframework.boot.devtools.restart.RestartApplicationListener -- Restart disabled due to context in which it is running

  .   ____          _            __ _ _
 /\\ / ___'_ __ _ _(_)_ __  __ _ \ \ \ \
( ( )\___ | '_ | '_| | '_ \/ _` | \ \ \ \
 \\/  ___)| |_)| | | | | || (_| |  ) ) ) )
  '  |____| .__|_| |_|_| |_\__, | / / / /
 =========|_|==============|___/=/_/_/_/
 :: Spring Boot ::                (v3.2.5)

2024-05-21T09:49:55.036-03:00  INFO 6570 --- [spot-dengue] [           main] c.e.s.SpotDengueApplicationTests         : Starting SpotDengueApplicationTests using Java 17.0.10 with PID 6570 (started by julianosilva in /home/julianosilva/Development/src/spot-dengue)
2024-05-21T09:49:55.039-03:00  INFO 6570 --- [spot-dengue] [           main] c.e.s.SpotDengueApplicationTests         : No active profile set, falling back to 1 default profile: "default"
2024-05-21T09:49:56.793-03:00  INFO 6570 --- [spot-dengue] [           main] c.e.s.SpotDengueApplicationTests         : Started SpotDengueApplicationTests in 2.007 seconds (process running for 2.855)
]]></system-out>
  </testcase>
</testsuite>